2025-02-15 23:08:09,455 - INFO - ====== WebDriver manager ======
2025-02-15 23:08:09,522 - INFO - Get LATEST chromedriver version for google-chrome
2025-02-15 23:08:09,722 - INFO - ====== WebDriver manager ======
2025-02-15 23:08:09,765 - INFO - Get LATEST chromedriver version for google-chrome
2025-02-15 23:08:10,062 - INFO - Get LATEST chromedriver version for google-chrome
2025-02-15 23:08:10,194 - INFO - Get LATEST chromedriver version for google-chrome
2025-02-15 23:08:10,547 - INFO - Driver [/home/devzone/.wdm/drivers/chromedriver/linux64/131.0.6778.264/chromedriver-linux64/chromedriver] found in cache
2025-02-15 23:08:10,689 - INFO - Driver [/home/devzone/.wdm/drivers/chromedriver/linux64/131.0.6778.264/chromedriver-linux64/chromedriver] found in cache
2025-02-15 23:08:10,999 - INFO - Kickstart Detailed Scrapper for: Rapha Hospital | https://www.medindia.net/directories/hospitals/rapha-hospital-adoni-andhra-pradesh-79897.htm
2025-02-15 23:08:11,230 - INFO - Kickstart Detailed Scrapper for: Anjali Orthopedic Clinic | https://www.medindia.net/directories/hospitals/anjali-orthopedic-clinic-adoni-andhra-pradesh-84012.htm
2025-02-15 23:09:09,335 - WARNING - ⚠️ Click intercepted! Retrying with JavaScript for Anjali Orthopedic Clinic
2025-02-15 23:09:12,336 - INFO - Contact button is clicked
2025-02-15 23:09:12,385 - WARNING - ⚠️ Couldn't close modal for Anjali Orthopedic Clinic
2025-02-15 23:09:16,650 - WARNING - ❌ No contact button found for Rapha Hospital
2025-02-15 23:12:20,800 - INFO - ====== WebDriver manager ======
2025-02-15 23:12:20,864 - INFO - Get LATEST chromedriver version for google-chrome
2025-02-15 23:12:21,191 - INFO - ====== WebDriver manager ======
2025-02-15 23:12:21,264 - INFO - Get LATEST chromedriver version for google-chrome
2025-02-15 23:12:21,401 - INFO - Get LATEST chromedriver version for google-chrome
2025-02-15 23:12:21,752 - INFO - Get LATEST chromedriver version for google-chrome
2025-02-15 23:12:22,029 - INFO - Driver [/home/devzone/.wdm/drivers/chromedriver/linux64/131.0.6778.264/chromedriver-linux64/chromedriver] found in cache
2025-02-15 23:12:22,334 - INFO - Driver [/home/devzone/.wdm/drivers/chromedriver/linux64/131.0.6778.264/chromedriver-linux64/chromedriver] found in cache
2025-02-15 23:12:22,433 - INFO - Kickstart Detailed Scrapper for: Anjali Orthopedic Clinic | https://www.medindia.net/directories/hospitals/anjali-orthopedic-clinic-adoni-andhra-pradesh-84012.htm
2025-02-15 23:12:22,744 - INFO - Kickstart Detailed Scrapper for: Rapha Hospital | https://www.medindia.net/directories/hospitals/rapha-hospital-adoni-andhra-pradesh-79897.htm
2025-02-15 23:12:46,540 - WARNING - ❌ No contact button found for Rapha Hospital
